2018-08-25 02:34:14.116  INFO 88711 --- [main] c.f.r.RahulshekharWeatherApplication     : Starting RahulshekharWeatherApplication on Rahuls-MacBook-Pro.local with PID 88711 (/Users/rahulshekhar/Checkouts/rahulshekhar-weather/target/classes started by rahulshekhar in /Users/rahulshekhar/Checkouts/rahulshekhar-weather)
2018-08-25 02:34:14.119  INFO 88711 --- [main] c.f.r.RahulshekharWeatherApplication     : No active profile set, falling back to default profiles: default
2018-08-25 02:34:14.171  INFO 88711 --- [main] ConfigServletWebServerApplicationContext : Refreshing org.springframework.boot.web.servlet.context.AnnotationConfigServletWebServerApplicationContext@7ee955a8: startup date [Sat Aug 25 02:34:14 IST 2018]; root of context hierarchy
2018-08-25 02:34:15.288  INFO 88711 --- [main] o.s.b.w.embedded.tomcat.TomcatWebServer  : Tomcat initialized with port(s): 7777 (http)
2018-08-25 02:34:15.312  INFO 88711 --- [main] o.apache.catalina.core.StandardService   : Starting service [Tomcat]
2018-08-25 02:34:15.313  INFO 88711 --- [main] org.apache.catalina.core.StandardEngine  : Starting Servlet Engine: Apache Tomcat/8.5.32
2018-08-25 02:34:15.322  INFO 88711 --- [localhost-startStop-1] o.a.catalina.core.AprLifecycleListener   : The APR based Apache Tomcat Native library which allows optimal performance in production environments was not found on the java.library.path: [/Users/rahulshekhar/Library/Java/Extensions:/Library/Java/Extensions:/Network/Library/Java/Extensions:/System/Library/Java/Extensions:/usr/lib/java:.]
2018-08-25 02:34:15.431  INFO 88711 --- [localhost-startStop-1] o.a.c.c.C.[Tomcat].[localhost].[/]       : Initializing Spring embedded WebApplicationContext
2018-08-25 02:34:15.431  INFO 88711 --- [localhost-startStop-1] o.s.web.context.ContextLoader            : Root WebApplicationContext: initialization completed in 1261 ms
2018-08-25 02:34:15.480  INFO 88711 --- [localhost-startStop-1] o.s.b.w.servlet.ServletRegistrationBean  : Servlet dispatcherServlet mapped to [/]
2018-08-25 02:34:15.483  INFO 88711 --- [localhost-startStop-1] o.s.b.w.servlet.FilterRegistrationBean   : Mapping filter: 'characterEncodingFilter' to: [/*]
2018-08-25 02:34:15.484  INFO 88711 --- [localhost-startStop-1] o.s.b.w.servlet.FilterRegistrationBean   : Mapping filter: 'hiddenHttpMethodFilter' to: [/*]
2018-08-25 02:34:15.484  INFO 88711 --- [localhost-startStop-1] o.s.b.w.servlet.FilterRegistrationBean   : Mapping filter: 'httpPutFormContentFilter' to: [/*]
2018-08-25 02:34:15.484  INFO 88711 --- [localhost-startStop-1] o.s.b.w.servlet.FilterRegistrationBean   : Mapping filter: 'requestContextFilter' to: [/*]
2018-08-25 02:34:15.657  INFO 88711 --- [main] o.s.w.s.handler.SimpleUrlHandlerMapping  : Mapped URL path [/**/favicon.ico] onto handler of type [class org.springframework.web.servlet.resource.ResourceHttpRequestHandler]
2018-08-25 02:34:15.778  INFO 88711 --- [main] s.w.s.m.m.a.RequestMappingHandlerAdapter : Looking for @ControllerAdvice: org.springframework.boot.web.servlet.context.AnnotationConfigServletWebServerApplicationContext@7ee955a8: startup date [Sat Aug 25 02:34:14 IST 2018]; root of context hierarchy
2018-08-25 02:34:15.848  INFO 88711 --- [main] s.w.s.m.m.a.RequestMappingHandlerMapping : Mapped "{[/data],methods=[GET]}" onto public com.finleap.rahulshekharweather.response.ForecastSummaryResponse com.finleap.rahulshekharweather.service.ForecastSummaryService.getForecastSummary(java.lang.String) throws java.lang.InterruptedException
2018-08-25 02:34:15.850  INFO 88711 --- [main] s.w.s.m.m.a.RequestMappingHandlerMapping : Mapped "{[/error]}" onto public org.springframework.http.ResponseEntity<java.util.Map<java.lang.String, java.lang.Object>> org.springframework.boot.autoconfigure.web.servlet.error.BasicErrorController.error(javax.servlet.http.HttpServletRequest)
2018-08-25 02:34:15.851  INFO 88711 --- [main] s.w.s.m.m.a.RequestMappingHandlerMapping : Mapped "{[/error],produces=[text/html]}" onto public org.springframework.web.servlet.ModelAndView org.springframework.boot.autoconfigure.web.servlet.error.BasicErrorController.errorHtml(javax.servlet.http.HttpServletRequest,javax.servlet.http.HttpServletResponse)
2018-08-25 02:34:15.872  INFO 88711 --- [main] o.s.w.s.handler.SimpleUrlHandlerMapping  : Mapped URL path [/webjars/**] onto handler of type [class org.springframework.web.servlet.resource.ResourceHttpRequestHandler]
2018-08-25 02:34:15.872  INFO 88711 --- [main] o.s.w.s.handler.SimpleUrlHandlerMapping  : Mapped URL path [/**] onto handler of type [class org.springframework.web.servlet.resource.ResourceHttpRequestHandler]
2018-08-25 02:34:16.008  INFO 88711 --- [main] o.s.j.e.a.AnnotationMBeanExporter        : Registering beans for JMX exposure on startup
2018-08-25 02:34:16.122  INFO 88711 --- [main] o.s.b.w.embedded.tomcat.TomcatWebServer  : Tomcat started on port(s): 7777 (http) with context path ''
2018-08-25 02:34:16.126  INFO 88711 --- [main] c.f.r.RahulshekharWeatherApplication     : Started RahulshekharWeatherApplication in 2.611 seconds (JVM running for 3.047)
2018-08-25 02:34:40.465  INFO 88711 --- [Thread-3] ConfigServletWebServerApplicationContext : Closing org.springframework.boot.web.servlet.context.AnnotationConfigServletWebServerApplicationContext@7ee955a8: startup date [Sat Aug 25 02:34:14 IST 2018]; root of context hierarchy
2018-08-25 02:34:40.469  INFO 88711 --- [Thread-3] o.s.j.e.a.AnnotationMBeanExporter        : Unregistering JMX-exposed beans on shutdown
