2018-08-26 15:51:37.090  INFO 95912 --- [main] c.f.r.RahulshekharWeatherApplication     : Starting RahulshekharWeatherApplication on Rahuls-MacBook-Pro.local with PID 95912 (/Users/rahulshekhar/Checkouts/rahulshekhar-weather/target/classes started by rahulshekhar in /Users/rahulshekhar/Checkouts/rahulshekhar-weather)
2018-08-26 15:51:37.094  INFO 95912 --- [main] c.f.r.RahulshekharWeatherApplication     : No active profile set, falling back to default profiles: default
2018-08-26 15:51:37.162  INFO 95912 --- [main] ConfigServletWebServerApplicationContext : Refreshing org.springframework.boot.web.servlet.context.AnnotationConfigServletWebServerApplicationContext@12b0404f: startup date [Sun Aug 26 15:51:37 IST 2018]; root of context hierarchy
2018-08-26 15:51:38.672  INFO 95912 --- [main] o.s.b.w.embedded.tomcat.TomcatWebServer  : Tomcat initialized with port(s): 7777 (http)
2018-08-26 15:51:38.698  INFO 95912 --- [main] o.apache.catalina.core.StandardService   : Starting service [Tomcat]
2018-08-26 15:51:38.698  INFO 95912 --- [main] org.apache.catalina.core.StandardEngine  : Starting Servlet Engine: Apache Tomcat/8.5.32
2018-08-26 15:51:38.707  INFO 95912 --- [localhost-startStop-1] o.a.catalina.core.AprLifecycleListener   : The APR based Apache Tomcat Native library which allows optimal performance in production environments was not found on the java.library.path: [/Users/rahulshekhar/Library/Java/Extensions:/Library/Java/Extensions:/Network/Library/Java/Extensions:/System/Library/Java/Extensions:/usr/lib/java:.]
2018-08-26 15:51:38.813  INFO 95912 --- [localhost-startStop-1] o.a.c.c.C.[Tomcat].[localhost].[/]       : Initializing Spring embedded WebApplicationContext
2018-08-26 15:51:38.813  INFO 95912 --- [localhost-startStop-1] o.s.web.context.ContextLoader            : Root WebApplicationContext: initialization completed in 1651 ms
2018-08-26 15:51:38.862  INFO 95912 --- [localhost-startStop-1] o.s.b.w.servlet.ServletRegistrationBean  : Servlet dispatcherServlet mapped to [/]
2018-08-26 15:51:38.865  INFO 95912 --- [localhost-startStop-1] o.s.b.w.servlet.FilterRegistrationBean   : Mapping filter: 'characterEncodingFilter' to: [/*]
2018-08-26 15:51:38.865  INFO 95912 --- [localhost-startStop-1] o.s.b.w.servlet.FilterRegistrationBean   : Mapping filter: 'hiddenHttpMethodFilter' to: [/*]
2018-08-26 15:51:38.865  INFO 95912 --- [localhost-startStop-1] o.s.b.w.servlet.FilterRegistrationBean   : Mapping filter: 'httpPutFormContentFilter' to: [/*]
2018-08-26 15:51:38.865  INFO 95912 --- [localhost-startStop-1] o.s.b.w.servlet.FilterRegistrationBean   : Mapping filter: 'requestContextFilter' to: [/*]
2018-08-26 15:51:39.243  INFO 95912 --- [main] s.w.s.m.m.a.RequestMappingHandlerMapping : Mapped "{[/data],methods=[GET]}" onto public org.springframework.http.ResponseEntity<com.finleap.rahulshekharweather.response.ForecastSummaryResponse> com.finleap.rahulshekharweather.service.ForecastSummaryServiceImpl.getForecastSummary(java.util.Map<java.lang.String, java.lang.String>,javax.servlet.http.HttpServletResponse) throws java.lang.InterruptedException
2018-08-26 15:51:39.245  INFO 95912 --- [main] s.w.s.m.m.a.RequestMappingHandlerMapping : Mapped "{[/v2/api-docs],methods=[GET],produces=[application/json || application/hal+json]}" onto public org.springframework.http.ResponseEntity<springfox.documentation.spring.web.json.Json> springfox.documentation.swagger2.web.Swagger2Controller.getDocumentation(java.lang.String,javax.servlet.http.HttpServletRequest)
2018-08-26 15:51:39.249  INFO 95912 --- [main] s.w.s.m.m.a.RequestMappingHandlerMapping : Mapped "{[/swagger-resources/configuration/ui]}" onto org.springframework.http.ResponseEntity<springfox.documentation.swagger.web.UiConfiguration> springfox.documentation.swagger.web.ApiResourceController.uiConfiguration()
2018-08-26 15:51:39.249  INFO 95912 --- [main] s.w.s.m.m.a.RequestMappingHandlerMapping : Mapped "{[/swagger-resources/configuration/security]}" onto org.springframework.http.ResponseEntity<springfox.documentation.swagger.web.SecurityConfiguration> springfox.documentation.swagger.web.ApiResourceController.securityConfiguration()
2018-08-26 15:51:39.250  INFO 95912 --- [main] s.w.s.m.m.a.RequestMappingHandlerMapping : Mapped "{[/swagger-resources]}" onto org.springframework.http.ResponseEntity<java.util.List<springfox.documentation.swagger.web.SwaggerResource>> springfox.documentation.swagger.web.ApiResourceController.swaggerResources()
2018-08-26 15:51:39.253  INFO 95912 --- [main] s.w.s.m.m.a.RequestMappingHandlerMapping : Mapped "{[/error]}" onto public org.springframework.http.ResponseEntity<java.util.Map<java.lang.String, java.lang.Object>> org.springframework.boot.autoconfigure.web.servlet.error.BasicErrorController.error(javax.servlet.http.HttpServletRequest)
2018-08-26 15:51:39.253  INFO 95912 --- [main] s.w.s.m.m.a.RequestMappingHandlerMapping : Mapped "{[/error],produces=[text/html]}" onto public org.springframework.web.servlet.ModelAndView org.springframework.boot.autoconfigure.web.servlet.error.BasicErrorController.errorHtml(javax.servlet.http.HttpServletRequest,javax.servlet.http.HttpServletResponse)
2018-08-26 15:51:39.469  INFO 95912 --- [main] o.s.w.s.handler.SimpleUrlHandlerMapping  : Mapped URL path [/**/favicon.ico] onto handler of type [class org.springframework.web.servlet.resource.ResourceHttpRequestHandler]
2018-08-26 15:51:39.611  INFO 95912 --- [main] s.w.s.m.m.a.RequestMappingHandlerAdapter : Looking for @ControllerAdvice: org.springframework.boot.web.servlet.context.AnnotationConfigServletWebServerApplicationContext@12b0404f: startup date [Sun Aug 26 15:51:37 IST 2018]; root of context hierarchy
2018-08-26 15:51:39.657  INFO 95912 --- [main] o.s.w.s.handler.SimpleUrlHandlerMapping  : Mapped URL path [/webjars/**] onto handler of type [class org.springframework.web.servlet.resource.ResourceHttpRequestHandler]
2018-08-26 15:51:39.657  INFO 95912 --- [main] o.s.w.s.handler.SimpleUrlHandlerMapping  : Mapped URL path [/**] onto handler of type [class org.springframework.web.servlet.resource.ResourceHttpRequestHandler]
2018-08-26 15:51:39.806  INFO 95912 --- [main] o.s.j.e.a.AnnotationMBeanExporter        : Registering beans for JMX exposure on startup
2018-08-26 15:51:39.814  INFO 95912 --- [main] o.s.c.support.DefaultLifecycleProcessor  : Starting beans in phase 2147483647
2018-08-26 15:51:39.814  INFO 95912 --- [main] d.s.w.p.DocumentationPluginsBootstrapper : Context refreshed
2018-08-26 15:51:39.831  INFO 95912 --- [main] d.s.w.p.DocumentationPluginsBootstrapper : Found 1 custom documentation plugin(s)
2018-08-26 15:51:39.841  INFO 95912 --- [main] s.d.s.w.s.ApiListingReferenceScanner     : Scanning for api listing references
2018-08-26 15:51:39.997  INFO 95912 --- [main] o.s.b.w.embedded.tomcat.TomcatWebServer  : Tomcat started on port(s): 7777 (http) with context path ''
2018-08-26 15:51:40.001  INFO 95912 --- [main] c.f.r.RahulshekharWeatherApplication     : Started RahulshekharWeatherApplication in 3.717 seconds (JVM running for 4.296)
2018-08-26 15:51:53.512  INFO 95912 --- [http-nio-7777-exec-1] o.a.c.c.C.[Tomcat].[localhost].[/]       : Initializing Spring FrameworkServlet 'dispatcherServlet'
2018-08-26 15:51:53.513  INFO 95912 --- [http-nio-7777-exec-1] o.s.web.servlet.DispatcherServlet        : FrameworkServlet 'dispatcherServlet': initialization started
2018-08-26 15:51:53.527  INFO 95912 --- [http-nio-7777-exec-1] o.s.web.servlet.DispatcherServlet        : FrameworkServlet 'dispatcherServlet': initialization completed in 14 ms
2018-08-26 15:51:54.041  INFO 95912 --- [http-nio-7777-exec-1] c.f.r.manager.ForecastSummaryManager     : Retrieved information for Delhi
2018-08-26 15:51:54.042  INFO 95912 --- [http-nio-7777-exec-1] c.f.r.util.WeatherUtils                  : Fetching timezones for Coordinates [lon = 77.2219, lat = 28.6517]
2018-08-26 16:04:38.504  INFO 95912 --- [http-nio-7777-exec-10] c.f.r.manager.ForecastSummaryManager     : Retrieved information for Berlin
2018-08-26 16:04:38.504  INFO 95912 --- [http-nio-7777-exec-10] c.f.r.util.WeatherUtils                  : Fetching timezones for Coordinates [lon = 13.3889, lat = 52.517]
2018-08-26 16:31:56.336  INFO 95912 --- [Thread-3] ConfigServletWebServerApplicationContext : Closing org.springframework.boot.web.servlet.context.AnnotationConfigServletWebServerApplicationContext@12b0404f: startup date [Sun Aug 26 15:51:37 IST 2018]; root of context hierarchy
2018-08-26 16:31:56.338  INFO 95912 --- [Thread-3] o.s.c.support.DefaultLifecycleProcessor  : Stopping beans in phase 2147483647
2018-08-26 16:31:56.339  INFO 95912 --- [Thread-3] o.s.j.e.a.AnnotationMBeanExporter        : Unregistering JMX-exposed beans on shutdown
